   1              		.cpu arm7tdmi
   2              		.fpu softvfp
   3              		.eabi_attribute 20, 1
   4              		.eabi_attribute 21, 1
   5              		.eabi_attribute 23, 3
   6              		.eabi_attribute 24, 1
   7              		.eabi_attribute 25, 1
   8              		.eabi_attribute 26, 1
   9              		.eabi_attribute 30, 6
  10              		.eabi_attribute 18, 4
  11              		.file	"44blib.c"
  21              	.Ltext0:
  22              		.file 1 "../44blib.c"
 3128              		.align	2
 3131              	mallocPt:
 3132 0000 00000000 		.word	Image_RW_Limit
 3133              		.global	restart
 3134              		.bss
 3135              		.align	2
 3138              	restart:
 3139 0000 00000000 		.space	4
 3140              		.global	run
 3141              		.data
 3142              		.align	2
 3145              	run:
 3146 0004 0000000C 		.word	201326592
 3147              		.align	2
 3150              	delayLoopCount:
 3151 0008 90010000 		.word	400
 3152              		.global	__aeabi_idiv
 3153              		.text
 3154              		.align	2
 3155              		.global	Delay
 3157              	Delay:
 3158              	.LFB0:
   1:../44blib.c   **** #include "44b.h"
   2:../44blib.c   **** #include "44blib.h"
   3:../44blib.c   **** #include "def.h"
   4:../44blib.c   **** #include "option.h"
   5:../44blib.c   **** 
   6:../44blib.c   **** #include <stdarg.h>
   7:../44blib.c   **** #include <string.h>
   8:../44blib.c   **** #include <stdio.h>
   9:../44blib.c   **** #include <ctype.h>
  10:../44blib.c   **** 
  11:../44blib.c   **** #define STACKSIZE    0xa00 //SVC satck size(do not use user stack)//
  12:../44blib.c   **** #define HEAPEND     (_ISR_STARTADDRESS-STACKSIZE-0x500) // = 0xc7ff000//
  13:../44blib.c   **** //SVC Stack Area:0xc(e)7ff000-0xc(e)7ffaff//
  14:../44blib.c   **** 
  15:../44blib.c   **** extern char Image_RW_Limit[];
  16:../44blib.c   **** volatile unsigned char *downPt;
  17:../44blib.c   **** unsigned int fileSize;
  18:../44blib.c   **** void *mallocPt=Image_RW_Limit;
  19:../44blib.c   **** 
  20:../44blib.c   **** void (*restart)(void)=(void (*)(void))0x0;
  21:../44blib.c   **** void (*run)(void)=(void (*)(void))DOWNLOAD_ADDRESS;
  22:../44blib.c   **** 
  23:../44blib.c   **** //--------------------------------SYSTEM---------------------------------//
  24:../44blib.c   **** static int delayLoopCount=400;
  25:../44blib.c   **** 
  26:../44blib.c   **** void Delay(int time)
  27:../44blib.c   **** // time=0: adjust the Delay function by WatchDog timer.//
  28:../44blib.c   **** // time>0: the number of loop time//
  29:../44blib.c   **** // 100us resolution.//
  30:../44blib.c   **** {
 3159              		.loc 1 30 0
 3160              		.cfi_startproc
 3161              		@ Function supports interworking.
 3162              		@ args = 0, pretend = 0, frame = 16
 3163              		@ frame_needed = 1, uses_anonymous_args = 0
 3164 0000 0DC0A0E1 		mov	ip, sp
 3165              	.LCFI0:
 3166              		.cfi_def_cfa_register 12
 3167 0004 00D82DE9 		stmfd	sp!, {fp, ip, lr, pc}
 3168 0008 04B04CE2 		sub	fp, ip, #4
 3169              		.cfi_offset 14, -8
 3170              		.cfi_offset 13, -12
 3171              		.cfi_offset 11, -16
 3172              	.LCFI1:
 3173              		.cfi_def_cfa 11, 4
 3174 000c 10D04DE2 		sub	sp, sp, #16
 3175 0010 18000BE5 		str	r0, [fp, #-24]
  31:../44blib.c   **** 	int i,adjust=0;
 3176              		.loc 1 31 0
 3177 0014 0030A0E3 		mov	r3, #0
 3178 0018 14300BE5 		str	r3, [fp, #-20]
  32:../44blib.c   **** 	if(time==0)
 3179              		.loc 1 32 0
 3180 001c 18301BE5 		ldr	r3, [fp, #-24]
 3181 0020 000053E3 		cmp	r3, #0
 3182 0024 2100001A 		bne	.L3
  33:../44blib.c   **** 	{
  34:../44blib.c   **** 		time=200;
 3183              		.loc 1 34 0
 3184 0028 C830A0E3 		mov	r3, #200
 3185 002c 18300BE5 		str	r3, [fp, #-24]
  35:../44blib.c   **** 		adjust=1;
 3186              		.loc 1 35 0
 3187 0030 0130A0E3 		mov	r3, #1
 3188 0034 14300BE5 		str	r3, [fp, #-20]
  36:../44blib.c   **** 		delayLoopCount=400;
 3189              		.loc 1 36 0
 3190 0038 D8309FE5 		ldr	r3, .L8
 3191 003c 192EA0E3 		mov	r2, #400
 3192 0040 002083E5 		str	r2, [r3, #0]
  37:../44blib.c   **** 		rWTCON=((MCLK/1000000-1)<<8)|(2<<3);	// 1M/64,Watch-dog,nRESET,interrupt disable//
 3193              		.loc 1 37 0
 3194 0044 D0309FE5 		ldr	r3, .L8+4
 3195 0048 D0209FE5 		ldr	r2, .L8+8
 3196 004c 002083E5 		str	r2, [r3, #0]
  38:../44blib.c   **** 		rWTDAT=0xffff;
 3197              		.loc 1 38 0
 3198 0050 CC309FE5 		ldr	r3, .L8+12
 3199 0054 CC209FE5 		ldr	r2, .L8+16
 3200 0058 002083E5 		str	r2, [r3, #0]
  39:../44blib.c   **** 		rWTCNT=0xffff;	 
 3201              		.loc 1 39 0
 3202 005c C8309FE5 		ldr	r3, .L8+20
 3203 0060 C0209FE5 		ldr	r2, .L8+16
 3204 0064 002083E5 		str	r2, [r3, #0]
  40:../44blib.c   **** 		rWTCON=((MCLK/1000000-1)<<8)|(2<<3)|(1<<5); // 1M/64,Watch-dog enable,nRESET,interrupt disable //
 3205              		.loc 1 40 0
 3206 0068 AC309FE5 		ldr	r3, .L8+4
 3207 006c BC209FE5 		ldr	r2, .L8+24
 3208 0070 002083E5 		str	r2, [r3, #0]
  41:../44blib.c   **** 	}
  42:../44blib.c   **** 	for(;time>0;time--)
 3209              		.loc 1 42 0
 3210 0074 0D0000EA 		b	.L3
 3211              	.L6:
  43:../44blib.c   **** 		for(i=0;i<delayLoopCount;i++);
 3212              		.loc 1 43 0
 3213 0078 0030A0E3 		mov	r3, #0
 3214 007c 10300BE5 		str	r3, [fp, #-16]
 3215 0080 020000EA 		b	.L4
 3216              	.L5:
 3217              		.loc 1 43 0 is_stmt 0 discriminator 2
 3218 0084 10301BE5 		ldr	r3, [fp, #-16]
 3219 0088 013083E2 		add	r3, r3, #1
 3220 008c 10300BE5 		str	r3, [fp, #-16]
 3221              	.L4:
 3222              		.loc 1 43 0 discriminator 1
 3223 0090 80309FE5 		ldr	r3, .L8
 3224 0094 003093E5 		ldr	r3, [r3, #0]
 3225 0098 10201BE5 		ldr	r2, [fp, #-16]
 3226 009c 030052E1 		cmp	r2, r3
 3227 00a0 F7FFFFBA 		blt	.L5
  42:../44blib.c   **** 	for(;time>0;time--)
 3228              		.loc 1 42 0 is_stmt 1
 3229 00a4 18301BE5 		ldr	r3, [fp, #-24]
 3230 00a8 013043E2 		sub	r3, r3, #1
 3231 00ac 18300BE5 		str	r3, [fp, #-24]
 3232              	.L3:
  42:../44blib.c   **** 	for(;time>0;time--)
 3233              		.loc 1 42 0 is_stmt 0 discriminator 1
 3234 00b0 18301BE5 		ldr	r3, [fp, #-24]
 3235 00b4 000053E3 		cmp	r3, #0
 3236 00b8 EEFFFFCA 		bgt	.L6
  44:../44blib.c   **** 	if(adjust==1)
 3237              		.loc 1 44 0 is_stmt 1
 3238 00bc 14301BE5 		ldr	r3, [fp, #-20]
 3239 00c0 010053E3 		cmp	r3, #1
 3240 00c4 1000001A 		bne	.L1
  45:../44blib.c   **** 	{
  46:../44blib.c   **** 		rWTCON=((MCLK/1000000-1)<<8)|(2<<3);
 3241              		.loc 1 46 0
 3242 00c8 4C309FE5 		ldr	r3, .L8+4
 3243 00cc 4C209FE5 		ldr	r2, .L8+8
 3244 00d0 002083E5 		str	r2, [r3, #0]
  47:../44blib.c   **** 		i=0xffff-rWTCNT;   //  1count/16us?????????//
 3245              		.loc 1 47 0
 3246 00d4 50309FE5 		ldr	r3, .L8+20
 3247 00d8 003093E5 		ldr	r3, [r3, #0]
 3248 00dc FF3C63E2 		rsb	r3, r3, #65280
 3249 00e0 FF3083E2 		add	r3, r3, #255
 3250 00e4 10300BE5 		str	r3, [fp, #-16]
  48:../44blib.c   **** 		delayLoopCount=8000000/(i*64);	//400*100/(i*64/200)   //
 3251              		.loc 1 48 0
 3252 00e8 10301BE5 		ldr	r3, [fp, #-16]
 3253 00ec 0333A0E1 		mov	r3, r3, asl #6
 3254 00f0 3C009FE5 		ldr	r0, .L8+28
 3255 00f4 0310A0E1 		mov	r1, r3
 3256 00f8 FEFFFFEB 		bl	__aeabi_idiv
 3257 00fc 0030A0E1 		mov	r3, r0
 3258 0100 0320A0E1 		mov	r2, r3
 3259 0104 0C309FE5 		ldr	r3, .L8
 3260 0108 002083E5 		str	r2, [r3, #0]
 3261              	.L1:
  49:../44blib.c   **** 	}
  50:../44blib.c   **** }
 3262              		.loc 1 50 0
 3263 010c 0CD04BE2 		sub	sp, fp, #12
 3264 0110 00689DE8 		ldmfd	sp, {fp, sp, lr}
 3265 0114 1EFF2FE1 		bx	lr
 3266              	.L9:
 3267              		.align	2
 3268              	.L8:
 3269 0118 08000000 		.word	delayLoopCount
 3270 011c 0000D301 		.word	30605312
 3271 0120 103F0000 		.word	16144
 3272 0124 0400D301 		.word	30605316
 3273 0128 FFFF0000 		.word	65535
 3274 012c 0800D301 		.word	30605320
 3275 0130 303F0000 		.word	16176
 3276 0134 00127A00 		.word	8000000
 3277              		.cfi_endproc
 3278              	.LFE0:
 3280              		.align	2
 3281              		.global	DelayMs
 3283              	DelayMs:
 3284              	.LFB1:
  51:../44blib.c   **** 
  52:../44blib.c   **** void DelayMs(int ms_time)
  53:../44blib.c   **** {
 3285              		.loc 1 53 0
 3286              		.cfi_startproc
 3287              		@ Function supports interworking.
 3288              		@ args = 0, pretend = 0, frame = 16
 3289              		@ frame_needed = 1, uses_anonymous_args = 0
 3290 0138 0DC0A0E1 		mov	ip, sp
 3291              	.LCFI2:
 3292              		.cfi_def_cfa_register 12
 3293 013c 00D82DE9 		stmfd	sp!, {fp, ip, lr, pc}
 3294 0140 04B04CE2 		sub	fp, ip, #4
 3295              		.cfi_offset 14, -8
 3296              		.cfi_offset 13, -12
 3297              		.cfi_offset 11, -16
 3298              	.LCFI3:
 3299              		.cfi_def_cfa 11, 4
 3300 0144 10D04DE2 		sub	sp, sp, #16
 3301 0148 18000BE5 		str	r0, [fp, #-24]
  54:../44blib.c   **** 	int i;
  55:../44blib.c   **** 	
  56:../44blib.c   **** 	for( i = 0 ; i < 1000*ms_time ; i++ )
 3302              		.loc 1 56 0
 3303 014c 0030A0E3 		mov	r3, #0
 3304 0150 10300BE5 		str	r3, [fp, #-16]
 3305 0154 020000EA 		b	.L11
 3306              	.L12:
 3307              		.loc 1 56 0 is_stmt 0 discriminator 2
 3308 0158 10301BE5 		ldr	r3, [fp, #-16]
 3309 015c 013083E2 		add	r3, r3, #1
 3310 0160 10300BE5 		str	r3, [fp, #-16]
 3311              	.L11:
 3312              		.loc 1 56 0 discriminator 1
 3313 0164 18201BE5 		ldr	r2, [fp, #-24]
 3314 0168 0230A0E1 		mov	r3, r2
 3315 016c 8332A0E1 		mov	r3, r3, asl #5
 3316 0170 033062E0 		rsb	r3, r2, r3
 3317 0174 0331A0E1 		mov	r3, r3, asl #2
 3318 0178 023083E0 		add	r3, r3, r2
 3319 017c 8331A0E1 		mov	r3, r3, asl #3
 3320 0180 0320A0E1 		mov	r2, r3
 3321 0184 10301BE5 		ldr	r3, [fp, #-16]
 3322 0188 030052E1 		cmp	r2, r3
 3323 018c F1FFFFCA 		bgt	.L12
  57:../44blib.c   **** 		;
  58:../44blib.c   **** }
 3324              		.loc 1 58 0 is_stmt 1
 3325 0190 0CD04BE2 		sub	sp, fp, #12
 3326 0194 00689DE8 		ldmfd	sp, {fp, sp, lr}
 3327 0198 1EFF2FE1 		bx	lr
 3328              		.cfi_endproc
 3329              	.LFE1:
 3331              		.align	2
 3332              		.global	Port_Init
 3334              	Port_Init:
 3335              	.LFB2:
  59:../44blib.c   **** 
  60:../44blib.c   **** //------------------------PORTS------------------------------//
  61:../44blib.c   **** void Port_Init(void)
  62:../44blib.c   **** {
 3336              		.loc 1 62 0
 3337              		.cfi_startproc
 3338              		@ Function supports interworking.
 3339              		@ args = 0, pretend = 0, frame = 0
 3340              		@ frame_needed = 1, uses_anonymous_args = 0
 3341 019c 0DC0A0E1 		mov	ip, sp
 3342              	.LCFI4:
 3343              		.cfi_def_cfa_register 12
 3344 01a0 00D82DE9 		stmfd	sp!, {fp, ip, lr, pc}
 3345 01a4 04B04CE2 		sub	fp, ip, #4
 3346              		.cfi_offset 14, -8
 3347              		.cfi_offset 13, -12
 3348              		.cfi_offset 11, -16
 3349              	.LCFI5:
 3350              		.cfi_def_cfa 11, 4
  63:../44blib.c   **** 	//CAUTION:Follow the configuration order for setting the ports. 
  64:../44blib.c   **** 	// 1) setting value 
  65:../44blib.c   **** 	// 2) setting control register 
  66:../44blib.c   **** 	// 3) configure pull-up resistor.  
  67:../44blib.c   **** 
  68:../44blib.c   **** 	//16bit data bus configuration  
  69:../44blib.c   **** 
  70:../44blib.c   **** 	// PORT A GROUP
  71:../44blib.c   **** 	// BIT 	9	8	7	6	5	4	3	2	1	0
  72:../44blib.c   **** 	// 		A24	A23	A22	A21	A20	A19	A18	A17	A16	A0
  73:../44blib.c   **** 	//		0	1	1	1	1	1	1	1	1	1
  74:../44blib.c   **** 	rPCONA = 0x1ff;	
 3351              		.loc 1 74 0
 3352 01a8 00319FE5 		ldr	r3, .L14
 3353 01ac 00219FE5 		ldr	r2, .L14+4
 3354 01b0 002083E5 		str	r2, [r3, #0]
  75:../44blib.c   **** 
  76:../44blib.c   **** 	// PORT B GROUP
  77:../44blib.c   **** 	// BIT 	10		9		8		7		6		5		4		3		2		1		0
  78:../44blib.c   **** 	//		/CS5	/CS4	/CS3	/CS2	/CS1	GPB5	GPB4	/SRAS	/SCAS	SCLK	SCKE
  79:../44blib.c   **** 	//		EXT		NIC		USB		IDE		SMC		NC		NC		Sdram	Sdram	Sdram	Sdram
  80:../44blib.c   **** 	//      1, 		1,   	1,   	1,    	1,    	0,       0,     1,    	1,    	1,   	1	
  81:../44blib.c   **** 	rPDATB = 0x7ff;				
 3355              		.loc 1 81 0
 3356 01b4 FC309FE5 		ldr	r3, .L14+8
 3357 01b8 FC209FE5 		ldr	r2, .L14+12
 3358 01bc 002083E5 		str	r2, [r3, #0]
  82:../44blib.c   **** 	rPCONB = 0x1cf;			// P9-LED1 P10-LED2
 3359              		.loc 1 82 0
 3360 01c0 F8309FE5 		ldr	r3, .L14+16
 3361 01c4 F8209FE5 		ldr	r2, .L14+20
 3362 01c8 002083E5 		str	r2, [r3, #0]
  83:../44blib.c   ****     
  84:../44blib.c   **** 	// PORT C GROUP
  85:../44blib.c   **** 	// BUSWIDTH=16
  86:../44blib.c   **** 	//  PC15	14		13		12		11		10		9		8
  87:../44blib.c   **** 	//	I		I		RXD1	TXD1	I		I		I		I
  88:../44blib.c   **** 	//	NC		NC		Uart1	Uart1	NC		NC		NC		NC
  89:../44blib.c   **** 	//	00		00		11		11		00		00		00		00
  90:../44blib.c   **** 
  91:../44blib.c   **** 	//  PC7		6		5		4		3		2		1		0
  92:../44blib.c   **** 	//   I		I		I		I		I		I		I		I
  93:../44blib.c   **** 	//   NC		NC		NC		NC		IISCLK	IISDI	IISDO	IISLRCK
  94:../44blib.c   **** 	//   00		00		00		00		11		11		11		11
  95:../44blib.c   **** 	rPDATC = 0xff00;
 3363              		.loc 1 95 0
 3364 01cc F4309FE5 		ldr	r3, .L14+24
 3365 01d0 FF2CA0E3 		mov	r2, #65280
 3366 01d4 002083E5 		str	r2, [r3, #0]
  96:../44blib.c   **** 	rPCONC = 0x0ff0ffff;	
 3367              		.loc 1 96 0
 3368 01d8 EC309FE5 		ldr	r3, .L14+28
 3369 01dc EC209FE5 		ldr	r2, .L14+32
 3370 01e0 002083E5 		str	r2, [r3, #0]
  97:../44blib.c   **** 	rPUPC  = 0x30ff;	//PULL UP RESISTOR should be enabled to I/O
 3371              		.loc 1 97 0
 3372 01e4 E8309FE5 		ldr	r3, .L14+36
 3373 01e8 E8209FE5 		ldr	r2, .L14+40
 3374 01ec 002083E5 		str	r2, [r3, #0]
  98:../44blib.c   **** 
  99:../44blib.c   **** 	// PORT D GROUP
 100:../44blib.c   **** 	// PORT D GROUP(I/O OR LCD)
 101:../44blib.c   **** 	// BIT7		6		5		4		3		2		1		0
 102:../44blib.c   **** 	//	VF		VM		VLINE	VCLK	VD3		VD2		VD1		VD0
 103:../44blib.c   **** 	//	00		00		00		00		00		00		00		00
 104:../44blib.c   **** 	rPDATD= 0xff;
 3375              		.loc 1 104 0
 3376 01f0 E4309FE5 		ldr	r3, .L14+44
 3377 01f4 FF20A0E3 		mov	r2, #255
 3378 01f8 002083E5 		str	r2, [r3, #0]
 105:../44blib.c   **** 	rPCOND= 0xaaaa;	
 3379              		.loc 1 105 0
 3380 01fc DC309FE5 		ldr	r3, .L14+48
 3381 0200 DC209FE5 		ldr	r2, .L14+52
 3382 0204 002083E5 		str	r2, [r3, #0]
 106:../44blib.c   **** 	rPUPD = 0x0;
 3383              		.loc 1 106 0
 3384 0208 D8309FE5 		ldr	r3, .L14+56
 3385 020c 0020A0E3 		mov	r2, #0
 3386 0210 002083E5 		str	r2, [r3, #0]
 107:../44blib.c   **** 	// These pins must be set only after CPU's internal LCD controller is enable
 108:../44blib.c   **** 	
 109:../44blib.c   **** 	// PORT E GROUP 
 110:../44blib.c   **** 	// Bit	8		7		6		5		4		3		2		1		0
 111:../44blib.c   **** 	//  	CODECLK	LED4	LED5	LED6	LED7	BEEP	RXD0	TXD0	LcdDisp
 112:../44blib.c   **** 	//  	10		01		01		01		01		01		10		10		01
 113:../44blib.c   **** 	rPDATE	= 0x1ff;
 3387              		.loc 1 113 0
 3388 0214 D0309FE5 		ldr	r3, .L14+60
 3389 0218 94209FE5 		ldr	r2, .L14+4
 3390 021c 002083E5 		str	r2, [r3, #0]
 114:../44blib.c   **** 	rPCONE	= 0x25529;	
 3391              		.loc 1 114 0
 3392 0220 C8309FE5 		ldr	r3, .L14+64
 3393 0224 C8209FE5 		ldr	r2, .L14+68
 3394 0228 002083E5 		str	r2, [r3, #0]
 115:../44blib.c   **** 	rPUPE	= 0x6;
 3395              		.loc 1 115 0
 3396 022c C4309FE5 		ldr	r3, .L14+72
 3397 0230 0620A0E3 		mov	r2, #6
 3398 0234 002083E5 		str	r2, [r3, #0]
 116:../44blib.c   **** 	
 117:../44blib.c   **** 	// PORT F GROUP
 118:../44blib.c   **** 	// Bit8		7		6		5		 4		3		2		1		0
 119:../44blib.c   **** 	// IISCLK	IISDI	IISDO	IISLRCK	Input	Input	Input	IICSDA	IICSCL
 120:../44blib.c   **** 	// 100		100		100		100		00		00		00		10		10
 121:../44blib.c   **** 	rPDATF = 0x0;
 3399              		.loc 1 121 0
 3400 0238 BC309FE5 		ldr	r3, .L14+76
 3401 023c 0020A0E3 		mov	r2, #0
 3402 0240 002083E5 		str	r2, [r3, #0]
 122:../44blib.c   **** 	rPCONF = 0x252a;
 3403              		.loc 1 122 0
 3404 0244 B4309FE5 		ldr	r3, .L14+80
 3405 0248 B4209FE5 		ldr	r2, .L14+84
 3406 024c 002083E5 		str	r2, [r3, #0]
 123:../44blib.c   **** 	rPUPF  = 0x0;
 3407              		.loc 1 123 0
 3408 0250 B0309FE5 		ldr	r3, .L14+88
 3409 0254 0020A0E3 		mov	r2, #0
 3410 0258 002083E5 		str	r2, [r3, #0]
 124:../44blib.c   **** 
 125:../44blib.c   **** 	// PORT G GROUP
 126:../44blib.c   **** 	// BIT7		6		5		4		3		2		1		0
 127:../44blib.c   **** 	// 	INT7	INT6	INT5	INT4	INT3	INT2	INT1	INT0
 128:../44blib.c   **** 	//	S3		S4		S5		S6		NIC		EXT		IDE		USB
 129:../44blib.c   **** 	//	11      11      11      11      11      11      11      11
 130:../44blib.c   **** 	rPDATG = 0xff;
 3411              		.loc 1 130 0
 3412 025c A8309FE5 		ldr	r3, .L14+92
 3413 0260 FF20A0E3 		mov	r2, #255
 3414 0264 002083E5 		str	r2, [r3, #0]
 131:../44blib.c   **** 	rPCONG = 0xffff;
 3415              		.loc 1 131 0
 3416 0268 A0309FE5 		ldr	r3, .L14+96
 3417 026c A0209FE5 		ldr	r2, .L14+100
 3418 0270 002083E5 		str	r2, [r3, #0]
 132:../44blib.c   **** 	rPUPG  = 0x0;		//pull-up portG enabled  
 3419              		.loc 1 132 0
 3420 0274 9C309FE5 		ldr	r3, .L14+104
 3421 0278 0020A0E3 		mov	r2, #0
 3422 027c 002083E5 		str	r2, [r3, #0]
 133:../44blib.c   **** 	rSPUCR = 0x7;  		//D15-D0 pull-up disable
 3423              		.loc 1 133 0
 3424 0280 94309FE5 		ldr	r3, .L14+108
 3425 0284 0720A0E3 		mov	r2, #7
 3426 0288 002083E5 		str	r2, [r3, #0]
 134:../44blib.c   **** 
 135:../44blib.c   **** 	/* Non Cache area */
 136:../44blib.c   **** 	rNCACHBE0=((Non_Cache_End>>12)<<16)|(Non_Cache_Start>>12); 
 3427              		.loc 1 136 0
 3428 028c 8C309FE5 		ldr	r3, .L14+112
 3429 0290 8C209FE5 		ldr	r2, .L14+116
 3430 0294 002083E5 		str	r2, [r3, #0]
 137:../44blib.c   **** 
 138:../44blib.c   **** 	/* Low level default */
 139:../44blib.c   **** 	rEXTINT=0x0;
 3431              		.loc 1 139 0
 3432 0298 88309FE5 		ldr	r3, .L14+120
 3433 029c 0020A0E3 		mov	r2, #0
 3434 02a0 002083E5 		str	r2, [r3, #0]
 140:../44blib.c   **** }
 3435              		.loc 1 140 0
 3436 02a4 0CD04BE2 		sub	sp, fp, #12
 3437 02a8 00689DE8 		ldmfd	sp, {fp, sp, lr}
 3438 02ac 1EFF2FE1 		bx	lr
 3439              	.L15:
 3440              		.align	2
 3441              	.L14:
 3442 02b0 0000D201 		.word	30539776
 3443 02b4 FF010000 		.word	511
 3444 02b8 0C00D201 		.word	30539788
 3445 02bc FF070000 		.word	2047
 3446 02c0 0800D201 		.word	30539784
 3447 02c4 CF010000 		.word	463
 3448 02c8 1400D201 		.word	30539796
 3449 02cc 1000D201 		.word	30539792
 3450 02d0 FFFFF00F 		.word	267452415
 3451 02d4 1800D201 		.word	30539800
 3452 02d8 FF300000 		.word	12543
 3453 02dc 2000D201 		.word	30539808
 3454 02e0 1C00D201 		.word	30539804
 3455 02e4 AAAA0000 		.word	43690
 3456 02e8 2400D201 		.word	30539812
 3457 02ec 2C00D201 		.word	30539820
 3458 02f0 2800D201 		.word	30539816
 3459 02f4 29550200 		.word	152873
 3460 02f8 3000D201 		.word	30539824
 3461 02fc 3800D201 		.word	30539832
 3462 0300 3400D201 		.word	30539828
 3463 0304 2A250000 		.word	9514
 3464 0308 3C00D201 		.word	30539836
 3465 030c 4400D201 		.word	30539844
 3466 0310 4000D201 		.word	30539840
 3467 0314 FFFF0000 		.word	65535
 3468 0318 4800D201 		.word	30539848
 3469 031c 4C00D201 		.word	30539852
 3470 0320 0400C001 		.word	29360132
 3471 0324 002000C0 		.word	-1073733632
 3472 0328 5000D201 		.word	30539856
 3473              		.cfi_endproc
 3474              	.LFE2:
 3476              		.align	2
 3477              		.global	malloc
 3479              	malloc:
 3480              	.LFB3:
 141:../44blib.c   **** 
 142:../44blib.c   **** 
 143:../44blib.c   **** //--------------------------------HEAP---------------------------------//
 144:../44blib.c   **** void * malloc(unsigned nbyte) 
 145:../44blib.c   **** /*Very simple; Use malloc() & free() like Stack*/
 146:../44blib.c   **** //void *mallocPt=Image$$RW$$Limit;
 147:../44blib.c   **** {
 3481              		.loc 1 147 0
 3482              		.cfi_startproc
 3483              		@ Function supports interworking.
 3484              		@ args = 0, pretend = 0, frame = 16
 3485              		@ frame_needed = 1, uses_anonymous_args = 0
 3486 032c 0DC0A0E1 		mov	ip, sp
 3487              	.LCFI6:
 3488              		.cfi_def_cfa_register 12
 3489 0330 00D82DE9 		stmfd	sp!, {fp, ip, lr, pc}
 3490 0334 04B04CE2 		sub	fp, ip, #4
 3491              		.cfi_offset 14, -8
 3492              		.cfi_offset 13, -12
 3493              		.cfi_offset 11, -16
 3494              	.LCFI7:
 3495              		.cfi_def_cfa 11, 4
 3496 0338 10D04DE2 		sub	sp, sp, #16
 3497 033c 18000BE5 		str	r0, [fp, #-24]
 148:../44blib.c   ****     void *returnPt=mallocPt;
 3498              		.loc 1 148 0
 3499 0340 7C309FE5 		ldr	r3, .L19
 3500 0344 003093E5 		ldr	r3, [r3, #0]
 3501 0348 10300BE5 		str	r3, [fp, #-16]
 149:../44blib.c   **** 
 150:../44blib.c   ****     mallocPt= (int *)mallocPt+nbyte/4+((nbyte%4)>0); //to align 4byte
 3502              		.loc 1 150 0
 3503 034c 70309FE5 		ldr	r3, .L19
 3504 0350 002093E5 		ldr	r2, [r3, #0]
 3505 0354 18301BE5 		ldr	r3, [fp, #-24]
 3506 0358 2311A0E1 		mov	r1, r3, lsr #2
 3507 035c 18301BE5 		ldr	r3, [fp, #-24]
 3508 0360 033003E2 		and	r3, r3, #3
 3509 0364 000053E3 		cmp	r3, #0
 3510 0368 0030A003 		moveq	r3, #0
 3511 036c 0130A013 		movne	r3, #1
 3512 0370 033081E0 		add	r3, r1, r3
 3513 0374 0331A0E1 		mov	r3, r3, asl #2
 3514 0378 032082E0 		add	r2, r2, r3
 3515 037c 40309FE5 		ldr	r3, .L19
 3516 0380 002083E5 		str	r2, [r3, #0]
 151:../44blib.c   **** 
 152:../44blib.c   ****     if( (int)mallocPt > HEAPEND )
 3517              		.loc 1 152 0
 3518 0384 38309FE5 		ldr	r3, .L19
 3519 0388 003093E5 		ldr	r3, [r3, #0]
 3520 038c 0320A0E1 		mov	r2, r3
 3521 0390 30309FE5 		ldr	r3, .L19+4
 3522 0394 030052E1 		cmp	r2, r3
 3523 0398 040000DA 		ble	.L17
 153:../44blib.c   ****     {
 154:../44blib.c   **** 		mallocPt=returnPt;
 3524              		.loc 1 154 0
 3525 039c 20309FE5 		ldr	r3, .L19
 3526 03a0 10201BE5 		ldr	r2, [fp, #-16]
 3527 03a4 002083E5 		str	r2, [r3, #0]
 155:../44blib.c   **** 		return NULL;
 3528              		.loc 1 155 0
 3529 03a8 0030A0E3 		mov	r3, #0
 3530 03ac 000000EA 		b	.L18
 3531              	.L17:
 156:../44blib.c   ****     }
 157:../44blib.c   ****     return returnPt;
 3532              		.loc 1 157 0
 3533 03b0 10301BE5 		ldr	r3, [fp, #-16]
 3534              	.L18:
 158:../44blib.c   **** }
 3535              		.loc 1 158 0
 3536 03b4 0300A0E1 		mov	r0, r3
 3537 03b8 0CD04BE2 		sub	sp, fp, #12
 3538 03bc 00689DE8 		ldmfd	sp, {fp, sp, lr}
 3539 03c0 1EFF2FE1 		bx	lr
 3540              	.L20:
 3541              		.align	2
 3542              	.L19:
 3543 03c4 00000000 		.word	mallocPt
 3544 03c8 00F07F0C 		.word	209711104
 3545              		.cfi_endproc
 3546              	.LFE3:
 3548              		.align	2
 3549              		.global	free
 3551              	free:
 3552              	.LFB4:
 159:../44blib.c   **** 
 160:../44blib.c   **** void free(void *pt)
 161:../44blib.c   **** {
 3553              		.loc 1 161 0
 3554              		.cfi_startproc
 3555              		@ Function supports interworking.
 3556              		@ args = 0, pretend = 0, frame = 8
 3557              		@ frame_needed = 1, uses_anonymous_args = 0
 3558 03cc 0DC0A0E1 		mov	ip, sp
 3559              	.LCFI8:
 3560              		.cfi_def_cfa_register 12
 3561 03d0 00D82DE9 		stmfd	sp!, {fp, ip, lr, pc}
 3562 03d4 04B04CE2 		sub	fp, ip, #4
 3563              		.cfi_offset 14, -8
 3564              		.cfi_offset 13, -12
 3565              		.cfi_offset 11, -16
 3566              	.LCFI9:
 3567              		.cfi_def_cfa 11, 4
 3568 03d8 08D04DE2 		sub	sp, sp, #8
 3569 03dc 10000BE5 		str	r0, [fp, #-16]
 162:../44blib.c   ****     mallocPt=pt;
 3570              		.loc 1 162 0
 3571 03e0 10309FE5 		ldr	r3, .L22
 3572 03e4 10201BE5 		ldr	r2, [fp, #-16]
 3573 03e8 002083E5 		str	r2, [r3, #0]
 163:../44blib.c   **** }
 3574              		.loc 1 163 0
 3575 03ec 0CD04BE2 		sub	sp, fp, #12
 3576 03f0 00689DE8 		ldmfd	sp, {fp, sp, lr}
 3577 03f4 1EFF2FE1 		bx	lr
 3578              	.L23:
 3579              		.align	2
 3580              	.L22:
 3581 03f8 00000000 		.word	mallocPt
 3582              		.cfi_endproc
 3583              	.LFE4:
 3585              		.align	2
 3586              		.global	sys_init
 3588              	sys_init:
 3589              	.LFB5:
 164:../44blib.c   **** 
 165:../44blib.c   **** //--------------------------------INIT---------------------------------//
 166:../44blib.c   **** void sys_init()// Interrupt & Port
 167:../44blib.c   **** {
 3590              		.loc 1 167 0
 3591              		.cfi_startproc
 3592              		@ Function supports interworking.
 3593              		@ args = 0, pretend = 0, frame = 0
 3594              		@ frame_needed = 1, uses_anonymous_args = 0
 3595 03fc 0DC0A0E1 		mov	ip, sp
 3596              	.LCFI10:
 3597              		.cfi_def_cfa_register 12
 3598 0400 00D82DE9 		stmfd	sp!, {fp, ip, lr, pc}
 3599 0404 04B04CE2 		sub	fp, ip, #4
 3600              		.cfi_offset 14, -8
 3601              		.cfi_offset 13, -12
 3602              		.cfi_offset 11, -16
 3603              	.LCFI11:
 3604              		.cfi_def_cfa 11, 4
 168:../44blib.c   ****     /* enable interrupt */
 169:../44blib.c   **** 	rINTMOD=0x0;
 3605              		.loc 1 169 0
 3606 0408 40309FE5 		ldr	r3, .L25
 3607 040c 0020A0E3 		mov	r2, #0
 3608 0410 002083E5 		str	r2, [r3, #0]
 170:../44blib.c   **** 	rINTCON=0x1;
 3609              		.loc 1 170 0
 3610 0414 1E36A0E3 		mov	r3, #31457280
 3611 0418 0120A0E3 		mov	r2, #1
 3612 041c 002083E5 		str	r2, [r3, #0]
 171:../44blib.c   ****     rI_ISPC = 0xffffffff;			/* clear all interrupt pend	*/
 3613              		.loc 1 171 0
 3614 0420 2C309FE5 		ldr	r3, .L25+4
 3615 0424 0020E0E3 		mvn	r2, #0
 3616 0428 002083E5 		str	r2, [r3, #0]
 172:../44blib.c   **** 	rEXTINTPND = 0xf;				// clear EXTINTPND reg
 3617              		.loc 1 172 0
 3618 042c 24309FE5 		ldr	r3, .L25+8
 3619 0430 0F20A0E3 		mov	r2, #15
 3620 0434 002083E5 		str	r2, [r3, #0]
 173:../44blib.c   **** 	Port_Init();					/* Initial 44B0X's I/O port */	
 3621              		.loc 1 173 0
 3622 0438 FEFFFFEB 		bl	Port_Init
 174:../44blib.c   **** 	Delay(0);						/* delay time				*/
 3623              		.loc 1 174 0
 3624 043c 0000A0E3 		mov	r0, #0
 3625 0440 FEFFFFEB 		bl	Delay
 175:../44blib.c   **** }
 3626              		.loc 1 175 0
 3627 0444 0CD04BE2 		sub	sp, fp, #12
 3628 0448 00689DE8 		ldmfd	sp, {fp, sp, lr}
 3629 044c 1EFF2FE1 		bx	lr
 3630              	.L26:
 3631              		.align	2
 3632              	.L25:
 3633 0450 0800E001 		.word	31457288
 3634 0454 2400E001 		.word	31457316
 3635 0458 5400D201 		.word	30539860
 3636              		.cfi_endproc
 3637              	.LFE5:
 3639              	.Letext0:
DEFINED SYMBOLS
                            *ABS*:00000000 44blib.c
                            *COM*:00000004 downPt
                            *COM*:00000004 fileSize
C:\Users\USUARI~2\AppData\Local\Temp\ccn5HyUT.s:3131   .data:00000000 mallocPt
C:\Users\USUARI~2\AppData\Local\Temp\ccn5HyUT.s:3128   .data:00000000 $d
C:\Users\USUARI~2\AppData\Local\Temp\ccn5HyUT.s:3138   .bss:00000000 restart
C:\Users\USUARI~2\AppData\Local\Temp\ccn5HyUT.s:3135   .bss:00000000 $d
C:\Users\USUARI~2\AppData\Local\Temp\ccn5HyUT.s:3145   .data:00000004 run
C:\Users\USUARI~2\AppData\Local\Temp\ccn5HyUT.s:3150   .data:00000008 delayLoopCount
C:\Users\USUARI~2\AppData\Local\Temp\ccn5HyUT.s:3154   .text:00000000 $a
C:\Users\USUARI~2\AppData\Local\Temp\ccn5HyUT.s:3157   .text:00000000 Delay
C:\Users\USUARI~2\AppData\Local\Temp\ccn5HyUT.s:3269   .text:00000118 $d
C:\Users\USUARI~2\AppData\Local\Temp\ccn5HyUT.s:3280   .text:00000138 $a
C:\Users\USUARI~2\AppData\Local\Temp\ccn5HyUT.s:3283   .text:00000138 DelayMs
C:\Users\USUARI~2\AppData\Local\Temp\ccn5HyUT.s:3334   .text:0000019c Port_Init
C:\Users\USUARI~2\AppData\Local\Temp\ccn5HyUT.s:3442   .text:000002b0 $d
C:\Users\USUARI~2\AppData\Local\Temp\ccn5HyUT.s:3476   .text:0000032c $a
C:\Users\USUARI~2\AppData\Local\Temp\ccn5HyUT.s:3479   .text:0000032c malloc
C:\Users\USUARI~2\AppData\Local\Temp\ccn5HyUT.s:3543   .text:000003c4 $d
C:\Users\USUARI~2\AppData\Local\Temp\ccn5HyUT.s:3548   .text:000003cc $a
C:\Users\USUARI~2\AppData\Local\Temp\ccn5HyUT.s:3551   .text:000003cc free
C:\Users\USUARI~2\AppData\Local\Temp\ccn5HyUT.s:3581   .text:000003f8 $d
C:\Users\USUARI~2\AppData\Local\Temp\ccn5HyUT.s:3585   .text:000003fc $a
C:\Users\USUARI~2\AppData\Local\Temp\ccn5HyUT.s:3588   .text:000003fc sys_init
C:\Users\USUARI~2\AppData\Local\Temp\ccn5HyUT.s:3633   .text:00000450 $d
                     .debug_frame:00000010 $d

UNDEFINED SYMBOLS
Image_RW_Limit
__aeabi_idiv
